<?xml version="1.0" encoding="UTF-8"?>
<testng-results ignored="0" total="3" passed="3" failed="0" skipped="0">
  <reporter-output>
  </reporter-output>
  <suite started-at="2023-09-06T16:46:56 IDT" name="TestSuite" finished-at="2023-09-06T16:47:16 IDT" duration-ms="19916">
    <groups>
    </groups>
    <test started-at="2023-09-06T16:46:56 IDT" name="testGuru" finished-at="2023-09-06T16:47:16 IDT" duration-ms="19916">
      <class name="Test.ParameterByDataprovider">
        <test-method is-config="true" signature="setup()[pri:0, instance:Test.ParameterByDataprovider@292b08d6]" started-at="2023-09-06T16:46:56 IDT" name="setup" finished-at="2023-09-06T16:47:06 IDT" duration-ms="10030" status="PASS">
          <reporter-output>
          </reporter-output>
        </test-method> <!-- setup -->
        <test-method signature="testMethod(java.lang.String,java.lang.String)[pri:0, instance:Test.ParameterByDataprovider@292b08d6]" started-at="2023-09-06T16:47:06 IDT" name="testMethod" data-provider="SearchProvider" finished-at="2023-09-06T16:47:10 IDT" duration-ms="3343" status="PASS">
          <params>
            <param index="0">
              <value>
                <![CDATA[Dome]]>
              </value>
            </param>
            <param index="1">
              <value>
                <![CDATA[India]]>
              </value>
            </param>
          </params>
          <reporter-output>
          </reporter-output>
        </test-method> <!-- testMethod -->
        <test-method signature="testMethod(java.lang.String,java.lang.String)[pri:0, instance:Test.ParameterByDataprovider@292b08d6]" started-at="2023-09-06T16:47:10 IDT" name="testMethod" data-provider="SearchProvider" finished-at="2023-09-06T16:47:13 IDT" duration-ms="3184" status="PASS">
          <params>
            <param index="0">
              <value>
                <![CDATA[Krishna]]>
              </value>
            </param>
            <param index="1">
              <value>
                <![CDATA[UK]]>
              </value>
            </param>
          </params>
          <reporter-output>
          </reporter-output>
        </test-method> <!-- testMethod -->
        <test-method signature="testMethod(java.lang.String,java.lang.String)[pri:0, instance:Test.ParameterByDataprovider@292b08d6]" started-at="2023-09-06T16:47:13 IDT" name="testMethod" data-provider="SearchProvider" finished-at="2023-09-06T16:47:16 IDT" duration-ms="3198" status="PASS">
          <params>
            <param index="0">
              <value>
                <![CDATA[Bhupesh]]>
              </value>
            </param>
            <param index="1">
              <value>
                <![CDATA[USA]]>
              </value>
            </param>
          </params>
          <reporter-output>
          </reporter-output>
        </test-method> <!-- testMethod -->
      </class> <!-- Test.ParameterByDataprovider -->
    </test> <!-- testGuru -->
  </suite> <!-- TestSuite -->
</testng-results>
